#
# A fatal error has been detected by the Java Runtime Environment:
#
#  EXCEPTION_ACCESS_VIOLATION (0xc0000005) at pc=0x00000000176a88c6, pid=3048, tid=0x0000000000003edc
#
# JRE version: OpenJDK Runtime Environment (8.0) (build 1.8.0-adoptopenjdk-_2018_05_19_00_59-b00)
# Java VM: OpenJDK 64-Bit Server VM (25.71-b00 mixed mode windows-amd64 compressed oops)
# Problematic frame:
# C  0x00000000176a88c6
#
# Failed to write core dump. Minidumps are not enabled by default on client versions of Windows
#
# If you would like to submit a bug report, please visit:
#   http://bugreport.java.com/bugreport/crash.jsp
#

---------------  T H R E A D  ---------------

Current thread (0x0000000002aa2800):  JavaThread "main" [_thread_in_Java, id=16092, stack(0x0000000002900000,0x0000000002a00000)]

siginfo: ExceptionCode=0xc0000005, ExceptionInformation=0x0000000000000008 0x00000000176a88c6

Registers:
RAX=0x0000000002ba7ef4, RBX=0x00000000d5845118, RCX=0x0000000080000001, RDX=0x000000001773e998
RSP=0x00000000029fd360, RBP=0x00000000029fd350, RSI=0x00000000d5845118, RDI=0x0000000000000000
R8 =0x0000000000000138, R9 =0x0000000002ba7ef4, R10=0x000000005cd5bba0, R11=0x0000000002e05660
R12=0x0000000000000000, R13=0x0000000002e1b6f4, R14=0x00000000029fd260, R15=0x0000000002aa2800
RIP=0x00000000176a88c6, EFLAGS=0x0000000000010246

Top of Stack: (sp=0x00000000029fd360)
0x00000000029fd360:   00000000029fd3d0 00000000176ab448
0x00000000029fd370:   0000000000000000 00000000176a8958
0x00000000029fd380:   00000000029fd338 00000000029fd3c8
0x00000000029fd390:   00000000029fd418 0000000002ba809d
0x00000000029fd3a0:   0000000000000000 0000000000000000
0x00000000029fd3b0:   0000000000000000 0000000000000000
0x00000000029fd3c0:   0000000000000000 00000000d6192460
0x00000000029fd3d0:   00000000d6187238 00000000029fd3d8
0x00000000029fd3e0:   00000000176a8343 00000000029fd4a0
0x00000000029fd3f0:   00000000176ab448 0000000000000000
0x00000000029fd400:   00000000176a8578 00000000029fd3c8
0x00000000029fd410:   00000000029fd488 00000000029fd4e8
0x00000000029fd420:   0000000002ba809d 0000000000000000
0x00000000029fd430:   0000000000000000 0000000000000000
0x00000000029fd440:   0000000000000000 0000000000000000
0x00000000029fd450:   00000000d5f645d0 0000000000000000 

Instructions: (pc=0x00000000176a88c6)
0x00000000176a88a6:   00 00 19 00 00 00 15 00 0e 00 4c 00 4e 02 ad 01
0x00000000176a88b6:   39 00 05 00 07 00 02 00 39 00 dc b6 0c 00 2b dc
0x00000000176a88c6:   b9 a7 00 03 00 4d 2c 4e 2d be 36 04 03 36 05 e1
0x00000000176a88d6:   05 e0 04 a2 00 32 2d 15 05 32 3a 06 19 06 b8 c5 


Register to memory mapping:

RAX=0x0000000002ba7ef4 is at code_begin+1876 in an Interpreter codelet
invoke return entry points  [0x0000000002ba77a0, 0x0000000002ba8180]  2528 bytes
RBX=0x00000000d5845118 is an oop
[Ljava.lang.annotation.Annotation; 
 - klass: 'java/lang/annotation/Annotation'[]
 - length: 0
RCX=
[error occurred during error reporting (printing register info), id 0xc0000005]

Stack: [0x0000000002900000,0x0000000002a00000],  sp=0x00000000029fd360,  free space=1012k
Native frames: (J=compiled Java code, j=interpreted, Vv=VM code, C=native code)
C  0x00000000176a88c6


---------------  P R O C E S S  ---------------

Java Threads: ( => current thread )
  0x0000000019a01000 JavaThread "Service Thread" daemon [_thread_blocked, id=11832, stack(0x0000000019d90000,0x0000000019e90000)]
  0x0000000017a0d800 JavaThread "C1 CompilerThread2" daemon [_thread_blocked, id=576, stack(0x0000000019890000,0x0000000019990000)]
  0x0000000017a0a000 JavaThread "C2 CompilerThread1" daemon [_thread_blocked, id=12700, stack(0x0000000019790000,0x0000000019890000)]
  0x0000000017a07000 JavaThread "C2 CompilerThread0" daemon [_thread_blocked, id=14036, stack(0x0000000019690000,0x0000000019790000)]
  0x0000000017a04000 JavaThread "Attach Listener" daemon [_thread_blocked, id=5816, stack(0x0000000019590000,0x0000000019690000)]
  0x0000000017a03000 JavaThread "Signal Dispatcher" daemon [_thread_blocked, id=12744, stack(0x0000000019490000,0x0000000019590000)]
  0x00000000179ea000 JavaThread "Finalizer" daemon [_thread_blocked, id=9056, stack(0x0000000019290000,0x0000000019390000)]
  0x0000000002b98000 JavaThread "Reference Handler" daemon [_thread_blocked, id=8348, stack(0x0000000019190000,0x0000000019290000)]
=>0x0000000002aa2800 JavaThread "main" [_thread_in_Java, id=16092, stack(0x0000000002900000,0x0000000002a00000)]

Other Threads:
  0x00000000179c6000 VMThread [stack: 0x0000000019090000,0x0000000019190000] [id=4632]
  0x0000000017a1e000 WatcherThread [stack: 0x0000000019e90000,0x0000000019f90000] [id=1196]

VM state:not at safepoint (normal execution)

VM Mutex/Monitor currently owned by a thread: None

Heap:
 PSYoungGen      total 38400K, used 12652K [0x00000000d5580000, 0x00000000d8000000, 0x0000000100000000)
  eden space 33280K, 38% used [0x00000000d5580000,0x00000000d61db2e0,0x00000000d7600000)
  from space 5120K, 0% used [0x00000000d7b00000,0x00000000d7b00000,0x00000000d8000000)
  to   space 5120K, 0% used [0x00000000d7600000,0x00000000d7600000,0x00000000d7b00000)
 ParOldGen       total 87552K, used 0K [0x0000000080000000, 0x0000000085580000, 0x00000000d5580000)
  object space 87552K, 0% used [0x0000000080000000,0x0000000080000000,0x0000000085580000)
 Metaspace       used 8229K, capacity 8500K, committed 8576K, reserved 1056768K
  class space    used 1008K, capacity 1100K, committed 1152K, reserved 1048576K

Card table byte_map: [0x0000000011f60000,0x0000000012370000] byte_map_base: 0x0000000011b60000

Marking Bits: (ParMarkBitMap*) 0x000000005cd6be50
 Begin Bits: [0x0000000012c20000, 0x0000000014c20000)
 End Bits:   [0x0000000014c20000, 0x0000000016c20000)

Polling page: 0x0000000000b20000

CodeCache: size=245760Kb used=2544Kb max_used=2550Kb free=243215Kb
 bounds [0x0000000002ba0000, 0x0000000002e20000, 0x0000000011ba0000]
 total_blobs=996 nmethods=672 adapters=239
 compilation: enabled

Compilation events (10 events):
Event: 0.570 Thread 0x0000000017a0d800  669       3       java.util.HashMap$HashIterator::<init> (79 bytes)
Event: 0.570 Thread 0x0000000017a0d800 nmethod 669 0x0000000002e18ad0 code [0x0000000002e18c40, 0x0000000002e18fd0]
Event: 0.570 Thread 0x0000000017a0d800  661       1       sun.reflect.annotation.AnnotationType::retention (5 bytes)
Event: 0.570 Thread 0x0000000017a0d800 nmethod 661 0x0000000002e18810 code [0x0000000002e18960, 0x0000000002e18a70]
Event: 0.570 Thread 0x0000000017a0d800  670       1       java.lang.System::getSecurityManager (4 bytes)
Event: 0.570 Thread 0x0000000017a0d800 nmethod 670 0x0000000002e18590 code [0x0000000002e186e0, 0x0000000002e187d0]
Event: 0.571 Thread 0x0000000017a0d800  671       3       java.lang.Class::getAnnotation (22 bytes)
Event: 0.571 Thread 0x0000000017a0d800 nmethod 671 0x0000000002e17d90 code [0x0000000002e17f40, 0x0000000002e183e8]
Event: 0.571 Thread 0x0000000017a0d800  672       3       com.sun.xml.internal.bind.v2.model.impl.RuntimeClassInfoImpl$RuntimePropertySeed::readAnnotation (11 bytes)
Event: 0.571 Thread 0x0000000017a0d800 nmethod 672 0x0000000002e17950 code [0x0000000002e17ac0, 0x0000000002e17ce8]

GC Heap History (0 events):
No events

Deoptimization events (2 events):
Event: 0.468 Thread 0x0000000002aa2800 Uncommon trap: reason=unstable_if action=reinterpret pc=0x0000000002d6f37c method=java.lang.String.indexOf([CII[CIII)I @ 3
Event: 0.524 Thread 0x0000000002aa2800 Uncommon trap: reason=range_check action=make_not_entrant pc=0x0000000002dd81e0 method=sun.reflect.generics.parser.SignatureParser.current()C @ 34

Classes redefined (0 events):
No events

Internal exceptions (10 events):
Event: 0.475 Thread 0x0000000002aa2800 Exception <a 'java/lang/NullPointerException'> (0x00000000d5eda158) thrown at [C:\Users\jenkins\workspace\openjdk8_build_x86-64_windows\openjdk\hotspot\src\share\vm\interpreter\linkResolver.cpp, line 1287]
Event: 0.507 Thread 0x0000000002aa2800 Exception <a 'java/lang/ArrayIndexOutOfBoundsException'> (0x00000000d5f53bb8) thrown at [C:\Users\jenkins\workspace\openjdk8_build_x86-64_windows\openjdk\hotspot\src\share\vm\runtime\sharedRuntime.cpp, line 605]
Event: 0.508 Thread 0x0000000002aa2800 Exception <a 'java/lang/ArrayIndexOutOfBoundsException'> (0x00000000d5f54e90) thrown at [C:\Users\jenkins\workspace\openjdk8_build_x86-64_windows\openjdk\hotspot\src\share\vm\runtime\sharedRuntime.cpp, line 605]
Event: 0.510 Thread 0x0000000002aa2800 Exception <a 'java/lang/ArrayIndexOutOfBoundsException'> (0x00000000d5f56f60) thrown at [C:\Users\jenkins\workspace\openjdk8_build_x86-64_windows\openjdk\hotspot\src\share\vm\runtime\sharedRuntime.cpp, line 605]
Event: 0.513 Thread 0x0000000002aa2800 Exception <a 'java/lang/ArrayIndexOutOfBoundsException'> (0x00000000d5f65758) thrown at [C:\Users\jenkins\workspace\openjdk8_build_x86-64_windows\openjdk\hotspot\src\share\vm\runtime\sharedRuntime.cpp, line 605]
Event: 0.513 Thread 0x0000000002aa2800 Exception <a 'java/lang/ArrayIndexOutOfBoundsException'> (0x00000000d5f665f8) thrown at [C:\Users\jenkins\workspace\openjdk8_build_x86-64_windows\openjdk\hotspot\src\share\vm\runtime\sharedRuntime.cpp, line 605]
Event: 0.520 Thread 0x0000000002aa2800 Exception <a 'java/lang/ArrayIndexOutOfBoundsException'> (0x00000000d5f93b70) thrown at [C:\Users\jenkins\workspace\openjdk8_build_x86-64_windows\openjdk\hotspot\src\share\vm\runtime\sharedRuntime.cpp, line 605]
Event: 0.520 Thread 0x0000000002aa2800 Exception <a 'java/lang/ArrayIndexOutOfBoundsException'> (0x00000000d5f95738) thrown at [C:\Users\jenkins\workspace\openjdk8_build_x86-64_windows\openjdk\hotspot\src\share\vm\runtime\sharedRuntime.cpp, line 605]
Event: 0.524 Thread 0x0000000002aa2800 Exception <a 'java/lang/ArrayIndexOutOfBoundsException': 72> (0x00000000d5fae528) thrown at [C:\Users\jenkins\workspace\openjdk8_build_x86-64_windows\openjdk\hotspot\src\share\vm\interpreter\interpreterRuntime.cpp, line 366]
Event: 0.524 Thread 0x0000000002aa2800 Exception <a 'java/lang/ArrayIndexOutOfBoundsException': 72> (0x00000000d5fb28f8) thrown at [C:\Users\jenkins\workspace\openjdk8_build_x86-64_windows\openjdk\hotspot\src\share\vm\interpreter\interpreterRuntime.cpp, line 366]

Events (10 events):
Event: 0.553 loading class com/sun/xml/internal/bind/v2/model/core/ValuePropertyInfo
Event: 0.553 loading class com/sun/xml/internal/bind/v2/model/core/ValuePropertyInfo done
Event: 0.553 loading class com/sun/xml/internal/bind/v2/model/runtime/RuntimeValuePropertyInfo done
Event: 0.553 loading class com/sun/xml/internal/bind/v2/model/impl/ValuePropertyInfoImpl
Event: 0.553 loading class com/sun/xml/internal/bind/v2/model/impl/ValuePropertyInfoImpl done
Event: 0.553 loading class com/sun/xml/internal/bind/v2/model/impl/RuntimeValuePropertyInfoImpl done
Event: 0.557 loading class java/util/Collections$SingletonList
Event: 0.557 loading class java/util/Collections$SingletonList done
Event: 0.557 loading class java/util/Collections$1
Event: 0.557 loading class java/util/Collections$1 done


Dynamic libraries:
0x00007ff7f9ad0000 - 0x00007ff7f9b05000 	G:\Unity3d\UnityBuilds\2019.1.10f1\Editor\Data\PlaybackEngines\AndroidPlayer\Tools\OpenJDK\Windows\bin\java.exe
0x00007ff997df0000 - 0x00007ff997fdd000 	C:\WINDOWS\SYSTEM32\ntdll.dll
0x00007ff996500000 - 0x00007ff9965b3000 	C:\WINDOWS\System32\KERNEL32.DLL
0x00007ff9941a0000 - 0x00007ff994433000 	C:\WINDOWS\System32\KERNELBASE.dll
0x00007ff997cb0000 - 0x00007ff997d53000 	C:\WINDOWS\System32\ADVAPI32.dll
0x00007ff9965c0000 - 0x00007ff99665e000 	C:\WINDOWS\System32\msvcrt.dll
0x00007ff995e10000 - 0x00007ff995eae000 	C:\WINDOWS\System32\sechost.dll
0x00007ff995b20000 - 0x00007ff995c42000 	C:\WINDOWS\System32\RPCRT4.dll
0x00007ff995920000 - 0x00007ff995ab7000 	C:\WINDOWS\System32\USER32.dll
0x00007ff993ec0000 - 0x00007ff993ee0000 	C:\WINDOWS\System32\win32u.dll
0x00007ff9964d0000 - 0x00007ff9964f9000 	C:\WINDOWS\System32\GDI32.dll
0x00007ff993f00000 - 0x00007ff994099000 	C:\WINDOWS\System32\gdi32full.dll
0x00007ff994520000 - 0x00007ff9945c0000 	C:\WINDOWS\System32\msvcp_win.dll
0x00007ff9940a0000 - 0x00007ff99419a000 	C:\WINDOWS\System32\ucrtbase.dll
0x00007ff987b70000 - 0x00007ff987de9000 	C:\WINDOWS\WinSxS\amd64_microsoft.windows.common-controls_6595b64144ccf1df_6.0.17763.615_none_05b4414a072024d4\COMCTL32.dll
0x00007ff996180000 - 0x00007ff9964ac000 	C:\WINDOWS\System32\combase.dll
0x00007ff994670000 - 0x00007ff9946ee000 	C:\WINDOWS\System32\bcryptPrimitives.dll
0x00007ff9958f0000 - 0x00007ff99591e000 	C:\WINDOWS\System32\IMM32.DLL
0x000000005cdf0000 - 0x000000005cec2000 	G:\Unity3d\UnityBuilds\2019.1.10f1\Editor\Data\PlaybackEngines\AndroidPlayer\Tools\OpenJDK\Windows\jre\bin\msvcr100.dll
0x000000005c5a0000 - 0x000000005cde9000 	G:\Unity3d\UnityBuilds\2019.1.10f1\Editor\Data\PlaybackEngines\AndroidPlayer\Tools\OpenJDK\Windows\jre\bin\server\jvm.dll
0x00007ff995150000 - 0x00007ff995158000 	C:\WINDOWS\System32\PSAPI.DLL
0x00007ff991a40000 - 0x00007ff991a64000 	C:\WINDOWS\SYSTEM32\WINMM.dll
0x00007ff98fbc0000 - 0x00007ff98fbca000 	C:\WINDOWS\SYSTEM32\VERSION.dll
0x00007ff98b7f0000 - 0x00007ff98b7f9000 	C:\WINDOWS\SYSTEM32\WSOCK32.dll
0x00007ff995da0000 - 0x00007ff995e0d000 	C:\WINDOWS\System32\WS2_32.dll
0x00007ff991a10000 - 0x00007ff991a3d000 	C:\WINDOWS\SYSTEM32\WINMMBASE.dll
0x00007ff9944d0000 - 0x00007ff99451a000 	C:\WINDOWS\System32\cfgmgr32.dll
0x00007ff98a100000 - 0x00007ff98a10f000 	G:\Unity3d\UnityBuilds\2019.1.10f1\Editor\Data\PlaybackEngines\AndroidPlayer\Tools\OpenJDK\Windows\jre\bin\verify.dll
0x00007ff970600000 - 0x00007ff970629000 	G:\Unity3d\UnityBuilds\2019.1.10f1\Editor\Data\PlaybackEngines\AndroidPlayer\Tools\OpenJDK\Windows\jre\bin\java.dll
0x00007ff989320000 - 0x00007ff989336000 	G:\Unity3d\UnityBuilds\2019.1.10f1\Editor\Data\PlaybackEngines\AndroidPlayer\Tools\OpenJDK\Windows\jre\bin\zip.dll
0x00007ff996660000 - 0x00007ff997b50000 	C:\WINDOWS\System32\SHELL32.dll
0x00007ff995eb0000 - 0x00007ff995f58000 	C:\WINDOWS\System32\shcore.dll
0x00007ff9946f0000 - 0x00007ff994e3a000 	C:\WINDOWS\System32\windows.storage.dll
0x00007ff993df0000 - 0x00007ff993e14000 	C:\WINDOWS\System32\profapi.dll
0x00007ff993e60000 - 0x00007ff993ebd000 	C:\WINDOWS\System32\powrprof.dll
0x00007ff996110000 - 0x00007ff996162000 	C:\WINDOWS\System32\shlwapi.dll
0x00007ff993e40000 - 0x00007ff993e51000 	C:\WINDOWS\System32\kernel.appcore.dll
0x00007ff993ee0000 - 0x00007ff993ef7000 	C:\WINDOWS\System32\cryptsp.dll
0x00007ff970a30000 - 0x00007ff970a4a000 	G:\Unity3d\UnityBuilds\2019.1.10f1\Editor\Data\PlaybackEngines\AndroidPlayer\Tools\OpenJDK\Windows\jre\bin\net.dll
0x00007ff993660000 - 0x00007ff9936c7000 	C:\WINDOWS\system32\mswsock.dll
0x00007ff96fd90000 - 0x00007ff96fda1000 	G:\Unity3d\UnityBuilds\2019.1.10f1\Editor\Data\PlaybackEngines\AndroidPlayer\Tools\OpenJDK\Windows\jre\bin\nio.dll
0x00007ff98b4f0000 - 0x00007ff98b6dd000 	C:\WINDOWS\SYSTEM32\dbghelp.dll

VM Arguments:
jvm_args: -Dcom.android.sdkmanager.toolsdir=G:\Android_sdk\tools\bin\\.. 
java_command: com.android.sdklib.tool.AvdManagerCli list target -c
java_class_path (initial): G:\Android_sdk\tools\bin\..\lib\dvlib-26.0.0-dev.jar;G:\Android_sdk\tools\bin\..\lib\jimfs-1.1.jar;G:\Android_sdk\tools\bin\..\lib\jsr305-1.3.9.jar;G:\Android_sdk\tools\bin\..\lib\repository-26.0.0-dev.jar;G:\Android_sdk\tools\bin\..\lib\j2objc-annotations-1.1.jar;G:\Android_sdk\tools\bin\..\lib\layoutlib-api-26.0.0-dev.jar;G:\Android_sdk\tools\bin\..\lib\gson-2.3.jar;G:\Android_sdk\tools\bin\..\lib\httpcore-4.2.5.jar;G:\Android_sdk\tools\bin\..\lib\commons-logging-1.1.1.jar;G:\Android_sdk\tools\bin\..\lib\commons-compress-1.12.jar;G:\Android_sdk\tools\bin\..\lib\annotations-26.0.0-dev.jar;G:\Android_sdk\tools\bin\..\lib\error_prone_annotations-2.0.18.jar;G:\Android_sdk\tools\bin\..\lib\animal-sniffer-annotations-1.14.jar;G:\Android_sdk\tools\bin\..\lib\httpclient-4.2.6.jar;G:\Android_sdk\tools\bin\..\lib\commons-codec-1.6.jar;G:\Android_sdk\tools\bin\..\lib\common-26.0.0-dev.jar;G:\Android_sdk\tools\bin\..\lib\kxml2-2.3.0.jar;G:\Android_sdk\tools\bin\..\lib\httpmime-4.1.jar;G:\Android_sdk\tools\bin\..\lib\annotations-12.0.jar;G:\Android_sdk\tools\bin\..\lib\sdklib-26.0.0-dev.jar;G:\Android_sdk\tools\bin\..\lib\guava-22.0.jar
Launcher Type: SUN_STANDARD

Environment Variables:
JAVA_HOME=G:\Unity3d\UnityBuilds\2019.1.10f1\Editor\Data\PlaybackEngines\AndroidPlayer/Tools\OpenJDK\Windows
CLASSPATH=G:\Android_sdk\tools\bin\..\lib\dvlib-26.0.0-dev.jar;G:\Android_sdk\tools\bin\..\lib\jimfs-1.1.jar;G:\Android_sdk\tools\bin\..\lib\jsr305-1.3.9.jar;G:\Android_sdk\tools\bin\..\lib\repository-26.0.0-dev.jar;G:\Android_sdk\tools\bin\..\lib\j2objc-annotations-1.1.jar;G:\Android_sdk\tools\bin\..\lib\layoutlib-api-26.0.0-dev.jar;G:\Android_sdk\tools\bin\..\lib\gson-2.3.jar;G:\Android_sdk\tools\bin\..\lib\httpcore-4.2.5.jar;G:\Android_sdk\tools\bin\..\lib\commons-logging-1.1.1.jar;G:\Android_sdk\tools\bin\..\lib\commons-compress-1.12.jar;G:\Android_sdk\tools\bin\..\lib\annotations-26.0.0-dev.jar;G:\Android_sdk\tools\bin\..\lib\error_prone_annotations-2.0.18.jar;G:\Android_sdk\tools\bin\..\lib\animal-sniffer-annotations-1.14.jar;G:\Android_sdk\tools\bin\..\lib\httpclient-4.2.6.jar;G:\Android_sdk\tools\bin\..\lib\commons-codec-1.6.jar;G:\Android_sdk\tools\bin\..\lib\common-26.0.0-dev.jar;G:\Android_sdk\tools\bin\..\lib\kxml2-2.3.0.jar;G:\Android_sdk\tools\bin\..\lib\httpmime-4.1.jar;G:\Android_sdk\tools\bin\..\lib\annotations-12.0.jar;G:\Android_sdk\tools\bin\..\lib\sdklib-26.0.0-dev.jar;G:\Android_sdk\tools\bin\..\lib\guava-22.0.jar
PATH=C:\Windows\system32;C:\Windows;C:\Windows\System32\Wbem;C:\Windows\System32\WindowsPowerShell\v1.0\;C:\Windows\System32\OpenSSH\;C:\Program Files (x86)\NVIDIA Corporation\PhysX\Common;C:\Program Files (x86)\Common Files\Adobe\AGL;C:\Program Files\PuTTY\;C:\Program Files (x86)\Wolfram Research\WolframScript\;%SystemRoot%\system32;%SystemRoot%;%SystemRoot%\System32\Wbem;%SYSTEMROOT%\System32\WindowsPowerShell\v1.0\;%SYSTEMROOT%\System32\OpenSSH\;C:\Users\kj-WS\AppData\Local\Microsoft\WindowsApps;C:\Users\kj-WS\AppData\Local\GitHubDesktop\bin
USERNAME=kj-WS
OS=Windows_NT
PROCESSOR_IDENTIFIER=AMD64 Family 21 Model 2 Stepping 0, AuthenticAMD



---------------  S Y S T E M  ---------------

OS: Windows 10.0 , 64 bit Build 17763 (10.0.17763.475)

CPU:total 6 (initial active 6) (6 cores per cpu, 1 threads per core) family 21 model 2 stepping 0, cmov, cx8, fxsr, mmx, sse, sse2, sse3, ssse3, sse4.1, sse4.2, popcnt, avx, aes, clmul, mmxext, 3dnowpref, lzcnt, sse4a, tsc, tscinvbit, tscinv, bmi1

Memory: 4k page, physical 8387696k(1935504k free), swap 13322940k(1827188k free)

vm_info: OpenJDK 64-Bit Server VM (25.71-b00) for windows-amd64 JRE (1.8.0-adoptopenjdk-_2018_05_19_00_59-b00), built on May 19 2018 01:02:12 by "jenkins" with MS VC++ 10.0 (VS2010)

time: Thu Jul 25 15:17:54 2019
elapsed time: 0 seconds (0d 0h 0m 0s)

